<?xml version="1.0" encoding="UTF-8"?>
<!-- Generated by org.testng.reporters.JUnitXMLReporter -->
<testsuite ignored="0" hostname="SJC1-LDL-74561" failures="0" tests="3" name="Default test" time="25.805" errors="0" timestamp="2023-04-29T16:34:54 CDT">
  <testcase classname="com.framework.wellstest.JenkinsTest" name="testSce1" time="11.111"/>
  <testcase classname="com.framework.wellstest.JenkinsTest" name="testSce2" time="5.638"/>
  <testcase classname="com.framework.wellstest.JenkinsTest" name="testSce3" time="6.44"/>
</testsuite> <!-- Default test -->
