<?xml version="1.0" encoding="UTF-8"?>
<!-- Generated by org.testng.reporters.JUnitXMLReporter -->
<testsuite ignored="0" hostname="SJC1-LDL-74561" failures="0" tests="3" name="Test" time="25.827" errors="0" timestamp="2023-04-29T16:48:04 CDT">
  <testcase classname="com.framework.wellstest.JenkinsTest" name="testSce1" time="10.994"/>
  <testcase classname="com.framework.wellstest.JenkinsTest" name="testSce2" time="5.515"/>
  <testcase classname="com.framework.wellstest.JenkinsTest" name="testSce3" time="6.139"/>
</testsuite> <!-- Test -->
