<?xml version="1.0" encoding="UTF-8"?>
<testng-results ignored="0" total="3" passed="3" failed="0" skipped="0">
  <reporter-output>
  </reporter-output>
  <suite started-at="2023-04-29T16:47:39 CDT" name="Suite" finished-at="2023-04-29T16:48:04 CDT" duration-ms="25827">
    <groups>
    </groups>
    <test started-at="2023-04-29T16:47:39 CDT" name="Test" finished-at="2023-04-29T16:48:04 CDT" duration-ms="25827">
      <class name="com.framework.wellstest.JenkinsTest">
        <test-method is-config="true" signature="setUp()[pri:0, instance:com.framework.wellstest.JenkinsTest@60dcc9fe]" started-at="2023-04-29T16:47:39 CDT" name="setUp" finished-at="2023-04-29T16:47:41 CDT" duration-ms="2912" status="PASS">
          <reporter-output>
          </reporter-output>
        </test-method> <!-- setUp -->
        <test-method signature="testSce1()[pri:0, instance:com.framework.wellstest.JenkinsTest@60dcc9fe]" started-at="2023-04-29T16:47:41 CDT" name="testSce1" finished-at="2023-04-29T16:47:52 CDT" duration-ms="10994" status="PASS">
          <reporter-output>
          </reporter-output>
        </test-method> <!-- testSce1 -->
        <test-method signature="testSce2()[pri:0, instance:com.framework.wellstest.JenkinsTest@60dcc9fe]" started-at="2023-04-29T16:47:52 CDT" name="testSce2" finished-at="2023-04-29T16:47:58 CDT" duration-ms="5515" status="PASS">
          <reporter-output>
          </reporter-output>
        </test-method> <!-- testSce2 -->
        <test-method signature="testSce3()[pri:0, instance:com.framework.wellstest.JenkinsTest@60dcc9fe]" started-at="2023-04-29T16:47:58 CDT" name="testSce3" finished-at="2023-04-29T16:48:04 CDT" duration-ms="6139" status="PASS">
          <reporter-output>
          </reporter-output>
        </test-method> <!-- testSce3 -->
        <test-method is-config="true" signature="closeDown()[pri:0, instance:com.framework.wellstest.JenkinsTest@60dcc9fe]" started-at="2023-04-29T16:48:04 CDT" name="closeDown" finished-at="2023-04-29T16:48:04 CDT" duration-ms="226" status="PASS">
          <reporter-output>
          </reporter-output>
        </test-method> <!-- closeDown -->
      </class> <!-- com.framework.wellstest.JenkinsTest -->
    </test> <!-- Test -->
  </suite> <!-- Suite -->
</testng-results>
