<?xml version="1.0" encoding="UTF-8"?>
<testng-results ignored="0" total="3" passed="3" failed="0" skipped="0">
  <reporter-output>
  </reporter-output>
  <suite started-at="2023-04-29T16:34:28 CDT" name="Default suite" finished-at="2023-04-29T16:34:54 CDT" duration-ms="25805">
    <groups>
    </groups>
    <test started-at="2023-04-29T16:34:28 CDT" name="Default test" finished-at="2023-04-29T16:34:54 CDT" duration-ms="25805">
      <class name="com.framework.wellstest.JenkinsTest">
        <test-method is-config="true" signature="setUp()[pri:0, instance:com.framework.wellstest.JenkinsTest@750e2b97]" started-at="2023-04-29T16:34:28 CDT" name="setUp" finished-at="2023-04-29T16:34:30 CDT" duration-ms="2323" status="PASS">
          <reporter-output>
          </reporter-output>
        </test-method> <!-- setUp -->
        <test-method signature="testSce1()[pri:0, instance:com.framework.wellstest.JenkinsTest@750e2b97]" started-at="2023-04-29T16:34:30 CDT" name="testSce1" finished-at="2023-04-29T16:34:41 CDT" duration-ms="11111" status="PASS">
          <reporter-output>
          </reporter-output>
        </test-method> <!-- testSce1 -->
        <test-method signature="testSce2()[pri:0, instance:com.framework.wellstest.JenkinsTest@750e2b97]" started-at="2023-04-29T16:34:41 CDT" name="testSce2" finished-at="2023-04-29T16:34:47 CDT" duration-ms="5638" status="PASS">
          <reporter-output>
          </reporter-output>
        </test-method> <!-- testSce2 -->
        <test-method signature="testSce3()[pri:0, instance:com.framework.wellstest.JenkinsTest@750e2b97]" started-at="2023-04-29T16:34:47 CDT" name="testSce3" finished-at="2023-04-29T16:34:53 CDT" duration-ms="6440" status="PASS">
          <reporter-output>
          </reporter-output>
        </test-method> <!-- testSce3 -->
        <test-method is-config="true" signature="closeDown()[pri:0, instance:com.framework.wellstest.JenkinsTest@750e2b97]" started-at="2023-04-29T16:34:53 CDT" name="closeDown" finished-at="2023-04-29T16:34:54 CDT" duration-ms="250" status="PASS">
          <reporter-output>
          </reporter-output>
        </test-method> <!-- closeDown -->
      </class> <!-- com.framework.wellstest.JenkinsTest -->
    </test> <!-- Default test -->
  </suite> <!-- Default suite -->
</testng-results>
